2025-04-05 17:37:26,680 [INFO] Activator:176 - 


2025-04-05 17:37:26,692 [INFO] Activator:177 - !SESSION log4j initialized
2025-04-05 17:37:41,562 [INFO] LogOutputStream:77 - [STDOUT_REDIRECT] 
2025-04-05 17:38:03,717 [INFO] ApplicationProperties:184 - Using Application install path: C:\ST\STM32CubeIDE_1.13.0\STM32CubeIDE\plugins\com.st.stm32cube.common.mx_6.9.0.202307051724
2025-04-05 17:38:03,756 [INFO] DbMcusXml:78 - Set database path to: C:\ST\STM32CubeIDE_1.13.0\STM32CubeIDE\plugins\com.st.stm32cube.common.mx_6.9.0.202307051724\\db\/mcu/
2025-04-05 17:38:03,757 [INFO] ApiDb:274 - Set plugin database path to: C:\ST\STM32CubeIDE_1.13.0\STM32CubeIDE\plugins\com.st.stm32cube.common.mx_6.9.0.202307051724\\db\/plugins/boardmanager/
2025-04-05 17:38:03,757 [WARN] ApiDb:259 - Overriding images path with different value:  => C:\ST\STM32CubeIDE_1.13.0\STM32CubeIDE\plugins\com.st.stm32cube.common.mx_6.9.0.202307051724\\db\/plugins/mcufinder/images/
2025-04-05 17:38:03,793 [INFO] ApiDb:250 - Set database path to: C:\Users\Mediatek\.stmcufinder\plugins\mcufinder//mcu/
2025-04-05 17:38:03,795 [INFO] DbMcusAds:125 - Set database path to: C:\Users\Mediatek\.stmcufinder\plugins\mcufinder//mcu/
2025-04-05 17:38:04,022 [INFO] CrossReferenceDbSqlite:203 - Set database path to: C:\Users\Mediatek\.stmcufinder\plugins\mcufinder//mcu/cs/
2025-04-05 17:38:04,242 [INFO] RulesReader:64 - Compatibility file has been processed (293 Rules)
2025-04-05 17:38:04,423 [INFO] DbMcusXml:78 - Set database path to: C:\ST\STM32CubeIDE_1.13.0\STM32CubeIDE\plugins\com.st.stm32cube.common.mx_6.9.0.202307051724\\db\/mcu/
2025-04-05 17:38:04,423 [INFO] ApiDb:274 - Set plugin database path to: C:\ST\STM32CubeIDE_1.13.0\STM32CubeIDE\plugins\com.st.stm32cube.common.mx_6.9.0.202307051724\\db\/plugins/boardmanager/
2025-04-05 17:38:04,423 [INFO] ApiDb:261 - Set plugin images path to: C:\ST\STM32CubeIDE_1.13.0\STM32CubeIDE\plugins\com.st.stm32cube.common.mx_6.9.0.202307051724\\db\/plugins/mcufinder/images/
2025-04-05 17:38:04,424 [WARN] DbFile:41 - Overriding database path with different value: C:\Users\Mediatek\.stmcufinder\plugins\mcufinder/ => C:\Users\Mediatek\.stmcufinder\plugins\mcufinder
2025-04-05 17:38:04,424 [INFO] ApiDb:250 - Set database path to: C:\Users\Mediatek\.stmcufinder\plugins\mcufinder//mcu/
2025-04-05 17:38:04,424 [WARN] DbFile:41 - Overriding database path with different value: C:\Users\Mediatek\.stmcufinder\plugins\mcufinder/ => C:\Users\Mediatek\.stmcufinder\plugins\mcufinder
2025-04-05 17:38:04,424 [INFO] DbMcusAds:125 - Set database path to: C:\Users\Mediatek\.stmcufinder\plugins\mcufinder//mcu/
2025-04-05 17:38:04,425 [WARN] DbFile:41 - Overriding database path with different value: C:\Users\Mediatek\.stmcufinder\plugins\mcufinder/ => C:\Users\Mediatek\.stmcufinder\plugins\mcufinder
2025-04-05 17:38:04,425 [WARN] DbFile:41 - Overriding database path with different value: C:\Users\Mediatek\.stmcufinder\plugins\mcufinder/ => C:\Users\Mediatek\.stmcufinder\plugins\mcufinder
2025-04-05 17:38:04,425 [INFO] CrossReferenceDbSqlite:203 - Set database path to: C:\Users\Mediatek\.stmcufinder\plugins\mcufinder//mcu/cs/
2025-04-05 17:38:04,561 [INFO] MainPanel:262 - HeapMemory: 268435456
2025-04-05 17:38:04,778 [INFO] DbMcusXml:78 - Set database path to: C:\ST\STM32CubeIDE_1.13.0\STM32CubeIDE\plugins\com.st.stm32cube.common.mx_6.9.0.202307051724\\db\/mcu/
2025-04-05 17:38:04,778 [INFO] ApiDb:274 - Set plugin database path to: C:\ST\STM32CubeIDE_1.13.0\STM32CubeIDE\plugins\com.st.stm32cube.common.mx_6.9.0.202307051724\\db\/plugins/boardmanager/
2025-04-05 17:38:04,778 [INFO] ApiDb:261 - Set plugin images path to: C:\ST\STM32CubeIDE_1.13.0\STM32CubeIDE\plugins\com.st.stm32cube.common.mx_6.9.0.202307051724\\db\/plugins/mcufinder/images/
2025-04-05 17:38:04,779 [WARN] DbFile:41 - Overriding database path with different value: C:\Users\Mediatek\.stmcufinder\plugins\mcufinder/ => C:\Users\Mediatek\.stmcufinder\plugins\mcufinder
2025-04-05 17:38:04,779 [INFO] ApiDb:250 - Set database path to: C:\Users\Mediatek\.stmcufinder\plugins\mcufinder//mcu/
2025-04-05 17:38:04,779 [WARN] DbFile:41 - Overriding database path with different value: C:\Users\Mediatek\.stmcufinder\plugins\mcufinder/ => C:\Users\Mediatek\.stmcufinder\plugins\mcufinder
2025-04-05 17:38:04,779 [INFO] DbMcusAds:125 - Set database path to: C:\Users\Mediatek\.stmcufinder\plugins\mcufinder//mcu/
2025-04-05 17:38:04,780 [WARN] DbFile:41 - Overriding database path with different value: C:\Users\Mediatek\.stmcufinder\plugins\mcufinder/ => C:\Users\Mediatek\.stmcufinder\plugins\mcufinder
2025-04-05 17:38:04,780 [WARN] DbFile:41 - Overriding database path with different value: C:\Users\Mediatek\.stmcufinder\plugins\mcufinder/ => C:\Users\Mediatek\.stmcufinder\plugins\mcufinder
2025-04-05 17:38:04,780 [INFO] CrossReferenceDbSqlite:203 - Set database path to: C:\Users\Mediatek\.stmcufinder\plugins\mcufinder//mcu/cs/
2025-04-05 17:38:04,812 [INFO] ApplicationProperties:184 - Using Application install path: C:\ST\STM32CubeIDE_1.13.0\STM32CubeIDE\plugins\com.st.stm32cube.common.mx_6.9.0.202307051724
2025-04-05 17:38:04,813 [INFO] PluginManage:196 - Search for loadable plugins [exclusion list=, ]
2025-04-05 17:38:04,816 [INFO] PluginManage:310 - Check plugin analytics
2025-04-05 17:38:09,806 [INFO] AnalyticsPlugin:253 - Accepted Software Licenses: STM32CubeMX.6.14.0
2025-04-05 17:38:09,807 [INFO] AnalyticsPlugin:255 - Accepted CMSIS Pack Licenses: 
2025-04-05 17:38:09,807 [INFO] AnalyticsPlugin:257 - Accepted Firmware Licenses: 
2025-04-05 17:38:09,812 [INFO] PluginManage:359 - Loaded plugin analytics (category:tool,tabindex:-1)
2025-04-05 17:38:09,812 [INFO] PluginManage:310 - Check plugin cadmodel
2025-04-05 17:38:09,848 [INFO] CADModel:105 - Init CAD model plugin
2025-04-05 17:38:09,849 [INFO] PluginManage:359 - Loaded plugin cadmodel (category:power,tabindex:5)
2025-04-05 17:38:09,849 [INFO] PluginManage:310 - Check plugin clock
2025-04-05 17:38:09,891 [INFO] PluginManage:359 - Loaded plugin clock (category:base,tabindex:2)
2025-04-05 17:38:09,892 [INFO] PluginManage:310 - Check plugin ddr
2025-04-05 17:38:09,895 [INFO] PluginManage:359 - Loaded plugin ddr (category:tool,tabindex:6)
2025-04-05 17:38:09,896 [INFO] PluginManage:310 - Check plugin filemanager
2025-04-05 17:38:10,123 [INFO] PluginManage:359 - Loaded plugin filemanager (category:base,tabindex:10)
2025-04-05 17:38:10,124 [INFO] PluginManage:310 - Check plugin ipmanager
2025-04-05 17:38:10,147 [INFO] PluginManage:359 - Loaded plugin ipmanager (category:base,tabindex:5)
2025-04-05 17:38:10,147 [INFO] PluginManage:310 - Check plugin lpbam
2025-04-05 17:38:10,178 [INFO] PluginManage:359 - Loaded plugin lpbam (category:base,tabindex:0)
2025-04-05 17:38:10,178 [INFO] PluginManage:310 - Check plugin memorymap
2025-04-05 17:38:10,223 [INFO] PluginManage:359 - Loaded plugin memorymap (category:base,tabindex:4)
2025-04-05 17:38:10,224 [INFO] PluginManage:310 - Check plugin pinoutandconfiguration
2025-04-05 17:38:10,255 [INFO] PluginManage:359 - Loaded plugin pinoutandconfiguration (category:base,tabindex:1)
2025-04-05 17:38:10,255 [INFO] PluginManage:310 - Check plugin pinoutconfig
2025-04-05 17:38:10,432 [WARN] SupportedApi:132 - Cannot load RTOS API schema: s4s-elt-must-match.1: The content of 'definitions' must match (annotation?, (simpleType | complexType)?, (unique | key | keyref)*)). A problem was found starting at: attribute.
2025-04-05 17:38:10,650 [INFO] PluginManage:359 - Loaded plugin pinoutconfig (category:base,tabindex:0)
2025-04-05 17:38:10,650 [INFO] PluginManage:310 - Check plugin power
2025-04-05 17:38:10,694 [INFO] PluginManage:359 - Loaded plugin power (category:power,tabindex:4)
2025-04-05 17:38:10,694 [INFO] PluginManage:310 - Check plugin projectmanager
2025-04-05 17:38:10,717 [INFO] PluginManage:359 - Loaded plugin projectmanager (category:projectmanager,tabindex:3)
2025-04-05 17:38:10,718 [INFO] PluginManage:310 - Check plugin thirdparty
2025-04-05 17:38:11,178 [INFO] PluginManage:359 - Loaded plugin thirdparty (category:base,tabindex:-1)
2025-04-05 17:38:11,178 [WARN] IntegrityCheckThread:84 - waiting for thirdparty lock release [integrity check]
2025-04-05 17:38:11,178 [INFO] PluginManage:310 - Check plugin tools
2025-04-05 17:38:11,178 [INFO] IntegrityCheckThread:86 - entering critical section [integrity check]
2025-04-05 17:38:11,179 [INFO] ThirdPartyUpdaterWithRetryManager:70 - Updater plugin not ready yet. [1/15]
2025-04-05 17:38:11,238 [INFO] PluginManage:359 - Loaded plugin tools (category:base,tabindex:7)
2025-04-05 17:38:11,238 [INFO] PluginManage:310 - Check plugin tutovideos
2025-04-05 17:38:11,612 [INFO] PluginManage:359 - Loaded plugin tutovideos (category:base,tabindex:-1)
2025-04-05 17:38:11,612 [INFO] PluginManage:310 - Check plugin updater
2025-04-05 17:38:11,635 [INFO] PluginManage:359 - Loaded plugin updater (category:base,tabindex:12)
2025-04-05 17:38:11,636 [INFO] PluginManage:310 - Check plugin userauth
2025-04-05 17:38:11,644 [INFO] UserAuth:113 - Init User Auth plugin
2025-04-05 17:38:11,644 [INFO] PluginManage:359 - Loaded plugin userauth (category:base,tabindex:14)
2025-04-05 17:38:11,645 [INFO] PluginManage:283 - PluginManage : Loaded plugins [17]
2025-04-05 17:38:12,033 [INFO] PinOutPanel:1499 - setPackage(No Configuration,No Configuration)
2025-04-05 17:38:12,208 [INFO] CADModel:165 - CPN selected for project level
2025-04-05 17:38:12,209 [INFO] CADModel:114 - Register for checkConnection events
2025-04-05 17:38:12,252 [INFO] IPUIPlugin:80 - create IPUIPlugin
2025-04-05 17:38:12,252 [INFO] PluginManager:220 - loadIPPluginJar : add adc
2025-04-05 17:38:12,317 [INFO] IPUIPlugin:80 - create IPUIPlugin
2025-04-05 17:38:12,317 [INFO] PluginManager:220 - loadIPPluginJar : add aes
2025-04-05 17:38:12,390 [INFO] IPUIPlugin:80 - create IPUIPlugin
2025-04-05 17:38:12,390 [INFO] PluginManager:220 - loadIPPluginJar : add can
2025-04-05 17:38:12,434 [INFO] IPUIPlugin:80 - create IPUIPlugin
2025-04-05 17:38:12,434 [INFO] PluginManager:220 - loadIPPluginJar : add comp
2025-04-05 17:38:12,500 [INFO] IPUIPlugin:80 - create IPUIPlugin
2025-04-05 17:38:12,500 [INFO] PluginManager:220 - loadIPPluginJar : add cryp
2025-04-05 17:38:12,559 [INFO] IPUIPlugin:80 - create IPUIPlugin
2025-04-05 17:38:12,559 [INFO] PluginManager:220 - loadIPPluginJar : add dfsdm
2025-04-05 17:38:12,584 [INFO] IPUIPlugin:80 - create IPUIPlugin
2025-04-05 17:38:12,586 [INFO] PluginManager:220 - loadIPPluginJar : add dma
2025-04-05 17:38:12,664 [INFO] IPUIPlugin:80 - create IPUIPlugin
2025-04-05 17:38:12,664 [INFO] PluginManager:220 - loadIPPluginJar : add dma3
2025-04-05 17:38:12,704 [INFO] IPUIPlugin:80 - create IPUIPlugin
2025-04-05 17:38:12,704 [INFO] PluginManager:220 - loadIPPluginJar : add fatfs
2025-04-05 17:38:12,783 [INFO] IPUIPlugin:80 - create IPUIPlugin
2025-04-05 17:38:12,783 [INFO] PluginManager:220 - loadIPPluginJar : add fmc
2025-04-05 17:38:12,813 [INFO] IPUIPlugin:80 - create IPUIPlugin
2025-04-05 17:38:12,813 [INFO] PluginManager:220 - loadIPPluginJar : add freertos
2025-04-05 17:38:12,849 [INFO] IPUIPlugin:80 - create IPUIPlugin
2025-04-05 17:38:12,849 [INFO] PluginManager:220 - loadIPPluginJar : add genericplugin
2025-04-05 17:38:13,013 [INFO] IPUIPlugin:80 - create IPUIPlugin
2025-04-05 17:38:13,013 [INFO] PluginManager:220 - loadIPPluginJar : add gfxmmu
2025-04-05 17:38:13,267 [INFO] IPUIPlugin:80 - create IPUIPlugin
2025-04-05 17:38:13,268 [INFO] PluginManager:220 - loadIPPluginJar : add gic
2025-04-05 17:38:13,292 [INFO] IPUIPlugin:80 - create IPUIPlugin
2025-04-05 17:38:13,293 [INFO] PluginManager:220 - loadIPPluginJar : add gpio
2025-04-05 17:38:13,504 [INFO] IPUIPlugin:80 - create IPUIPlugin
2025-04-05 17:38:13,504 [INFO] PluginManager:220 - loadIPPluginJar : add gtzc
2025-04-05 17:38:13,567 [INFO] IPUIPlugin:80 - create IPUIPlugin
2025-04-05 17:38:13,567 [INFO] PluginManager:220 - loadIPPluginJar : add hash
2025-04-05 17:38:13,663 [INFO] IPUIPlugin:80 - create IPUIPlugin
2025-04-05 17:38:13,663 [INFO] PluginManager:220 - loadIPPluginJar : add i2c
2025-04-05 17:38:13,734 [INFO] IPUIPlugin:80 - create IPUIPlugin
2025-04-05 17:38:13,734 [INFO] PluginManager:220 - loadIPPluginJar : add i2s
2025-04-05 17:38:13,806 [INFO] IPUIPlugin:80 - create IPUIPlugin
2025-04-05 17:38:13,806 [INFO] PluginManager:220 - loadIPPluginJar : add i3c
2025-04-05 17:38:13,975 [INFO] IPUIPlugin:80 - create IPUIPlugin
2025-04-05 17:38:13,976 [INFO] PluginManager:220 - loadIPPluginJar : add ipddr
2025-04-05 17:38:14,135 [INFO] IPUIPlugin:80 - create IPUIPlugin
2025-04-05 17:38:14,136 [INFO] PluginManager:220 - loadIPPluginJar : add linkedlist
2025-04-05 17:38:14,180 [INFO] ThirdPartyUpdaterWithRetryManager:70 - Updater plugin not ready yet. [2/15]
2025-04-05 17:38:14,197 [INFO] IPUIPlugin:80 - create IPUIPlugin
2025-04-05 17:38:14,197 [INFO] PluginManager:220 - loadIPPluginJar : add lorawan
2025-04-05 17:38:14,258 [INFO] IPUIPlugin:80 - create IPUIPlugin
2025-04-05 17:38:14,258 [INFO] PluginManager:220 - loadIPPluginJar : add ltdc
2025-04-05 17:38:14,286 [INFO] IPUIPlugin:80 - create IPUIPlugin
2025-04-05 17:38:14,286 [INFO] PluginManager:220 - loadIPPluginJar : add mdma
2025-04-05 17:38:14,310 [INFO] IPUIPlugin:80 - create IPUIPlugin
2025-04-05 17:38:14,311 [INFO] PluginManager:220 - loadIPPluginJar : add nvic
2025-04-05 17:38:14,375 [INFO] IPUIPlugin:80 - create IPUIPlugin
2025-04-05 17:38:14,375 [INFO] PluginManager:220 - loadIPPluginJar : add opamp
2025-04-05 17:38:14,493 [INFO] IPUIPlugin:80 - create IPUIPlugin
2025-04-05 17:38:14,493 [INFO] PluginManager:220 - loadIPPluginJar : add openamp
2025-04-05 17:38:14,568 [INFO] IPUIPlugin:80 - create IPUIPlugin
2025-04-05 17:38:14,568 [INFO] PluginManager:220 - loadIPPluginJar : add pdm2pcm
2025-04-05 17:38:14,597 [INFO] IPUIPlugin:80 - create IPUIPlugin
2025-04-05 17:38:14,601 [INFO] PluginManager:220 - loadIPPluginJar : add plateformsettings
2025-04-05 17:38:14,640 [INFO] IPUIPlugin:80 - create IPUIPlugin
2025-04-05 17:38:14,640 [INFO] PluginManager:220 - loadIPPluginJar : add quadspi
2025-04-05 17:38:14,663 [INFO] IPUIPlugin:80 - create IPUIPlugin
2025-04-05 17:38:14,664 [INFO] PluginManager:220 - loadIPPluginJar : add resmgrutility
2025-04-05 17:38:14,752 [INFO] IPUIPlugin:80 - create IPUIPlugin
2025-04-05 17:38:14,752 [INFO] PluginManager:220 - loadIPPluginJar : add sai
2025-04-05 17:38:14,814 [INFO] IPUIPlugin:80 - create IPUIPlugin
2025-04-05 17:38:14,815 [INFO] PluginManager:220 - loadIPPluginJar : add spi
2025-04-05 17:38:14,904 [INFO] IPUIPlugin:80 - create IPUIPlugin
2025-04-05 17:38:14,904 [INFO] PluginManager:220 - loadIPPluginJar : add stm32_wpan
2025-04-05 17:38:14,943 [INFO] IPUIPlugin:80 - create IPUIPlugin
2025-04-05 17:38:14,944 [INFO] PluginManager:220 - loadIPPluginJar : add tim
2025-04-05 17:38:15,107 [INFO] IPUIPlugin:80 - create IPUIPlugin
2025-04-05 17:38:15,108 [INFO] PluginManager:220 - loadIPPluginJar : add touchsensing
2025-04-05 17:38:15,229 [INFO] IPUIPlugin:80 - create IPUIPlugin
2025-04-05 17:38:15,229 [INFO] PluginManager:220 - loadIPPluginJar : add tracer_emb
2025-04-05 17:38:15,337 [INFO] IPUIPlugin:80 - create IPUIPlugin
2025-04-05 17:38:15,337 [INFO] PluginManager:220 - loadIPPluginJar : add ts
2025-04-05 17:38:15,411 [INFO] IPUIPlugin:80 - create IPUIPlugin
2025-04-05 17:38:15,412 [INFO] PluginManager:220 - loadIPPluginJar : add tsc
2025-04-05 17:38:15,477 [INFO] IPUIPlugin:80 - create IPUIPlugin
2025-04-05 17:38:15,477 [INFO] PluginManager:220 - loadIPPluginJar : add ucpd
2025-04-05 17:38:15,646 [INFO] IPUIPlugin:80 - create IPUIPlugin
2025-04-05 17:38:15,646 [INFO] PluginManager:220 - loadIPPluginJar : add usart
2025-04-05 17:38:15,742 [INFO] McuFinderGlobals:63 - Set McuFinder mode to 2 (CubeIDE integrated)
2025-04-05 17:38:15,764 [INFO] IPUIPlugin:80 - create IPUIPlugin
2025-04-05 17:38:15,764 [INFO] PluginManager:220 - loadIPPluginJar : add usbx
2025-04-05 17:38:15,937 [INFO] CADModel:165 - CPN selected for project level
2025-04-05 17:38:15,939 [INFO] CADModel:114 - Register for checkConnection events
2025-04-05 17:38:15,939 [FATAL] Updater:308 - Updater called before beeing initialized
2025-04-05 17:38:15,940 [ERROR] CADModel:125 - Updater not yet initialized, retry later 
2025-04-05 17:38:16,188 [INFO] CADModel:165 - CPN selected for project level
2025-04-05 17:38:16,189 [INFO] CADModel:114 - Register for checkConnection events
2025-04-05 17:38:16,189 [FATAL] Updater:308 - Updater called before beeing initialized
2025-04-05 17:38:16,189 [ERROR] CADModel:125 - Updater not yet initialized, retry later 
2025-04-05 17:38:16,195 [FATAL] Updater:308 - Updater called before beeing initialized
2025-04-05 17:38:16,400 [FATAL] Updater:308 - Updater called before beeing initialized
2025-04-05 17:38:16,427 [INFO] DbMcusAds:53 - JSON generation date=Thu Mar 06 15:54:21 CET 2025 (1741272861825)
2025-04-05 17:38:16,428 [FATAL] Updater:308 - Updater called before beeing initialized
2025-04-05 17:38:16,576 [WARN] DetailPanel:346 - Failed to get advertising image, set to default
2025-04-05 17:38:16,705 [FATAL] Updater:308 - Updater called before beeing initialized
2025-04-05 17:38:16,709 [FATAL] Updater:308 - Updater called before beeing initialized
2025-04-05 17:38:16,709 [FATAL] Updater:308 - Updater called before beeing initialized
2025-04-05 17:38:16,709 [WARN] DetailPanel:346 - Failed to get advertising image, set to default
2025-04-05 17:38:16,710 [FATAL] Updater:308 - Updater called before beeing initialized
2025-04-05 17:38:16,817 [ERROR] Updater:1120 - MainUpdater not yet initialized. External WinMGr cannot be set.
2025-04-05 17:38:16,838 [INFO] Updater:1056 - Updater Version found : 6.9.0
2025-04-05 17:38:16,862 [INFO] ApplicationProperties:184 - Using Application install path: C:\ST\STM32CubeIDE_1.13.0\STM32CubeIDE\plugins\com.st.stm32cube.common.mx_6.9.0.202307051724
2025-04-05 17:38:17,182 [INFO] ThirdPartyUpdaterWithRetryManager:70 - Updater plugin not ready yet. [3/15]
2025-04-05 17:38:17,622 [INFO] MainUpdater:2868 - connection check result : 10
2025-04-05 17:38:17,624 [INFO] MainUpdater:285 - Updater Check For Update Now.
2025-04-05 17:38:17,624 [INFO] MicroXplorer:498 - Change Database Version : DB.6.0.90
2025-04-05 17:38:17,652 [INFO] McuFinderGlobals:63 - Set McuFinder mode to 2 (CubeIDE integrated)
2025-04-05 17:38:18,001 [INFO] CheckServerUpdateThread:120 - End of CheckServer Thread
2025-04-05 17:38:18,078 [INFO] MainUpdater:2868 - connection check result : 10
2025-04-05 17:38:18,089 [INFO] MainUpdater:2868 - connection check result : 10
2025-04-05 17:38:18,390 [INFO] MicroXplorer:468 - Change Database Path : 
2025-04-05 17:38:18,390 [INFO] MicroXplorer:498 - Change Database Version : DB.6.0.90
2025-04-05 17:38:18,397 [WARN] ThirdParty:871 - waiting for thirdparty lock release [close project]
2025-04-05 17:38:20,683 [WARN] PackLoader:240 - Cannot read IP mode file for STMicroelectronics.FP-SNS-MOTENVWB1.1.4.0
2025-04-05 17:38:20,707 [WARN] PackLoader:240 - Cannot read IP mode file for STMicroelectronics.FP-ATR-ASTRA1.2.0.2
2025-04-05 17:38:20,725 [WARN] PackLoader:240 - Cannot read IP mode file for STMicroelectronics.FP-ATR-ASTRA1.2.0.1
2025-04-05 17:38:20,754 [WARN] PackLoader:240 - Cannot read IP mode file for STMicroelectronics.X-CUBE-SMBUS.2.1.0
2025-04-05 17:38:20,784 [WARN] PackLoader:240 - Cannot read IP mode file for STMicroelectronics.X-CUBE-WB05N.1.1.0
2025-04-05 17:38:20,867 [WARN] PackLoader:240 - Cannot read IP mode file for STMicroelectronics.X-CUBE-AZRTOS-F7.1.1.0
2025-04-05 17:38:20,900 [WARN] PackLoader:240 - Cannot read IP mode file for STMicroelectronics.FP-SNS-MOTENV1.4.3.2
2025-04-05 17:38:21,043 [WARN] PackLoader:240 - Cannot read IP mode file for STMicroelectronics.X-CUBE-MEMS1.11.0.0
2025-04-05 17:38:21,533 [WARN] PackLoader:240 - Cannot read IP mode file for STMicroelectronics.X-CUBE-BLE1.6.2.4
2025-04-05 17:38:21,557 [WARN] PackLoader:240 - Cannot read IP mode file for STMicroelectronics.FP-SNS-FLIGHT1.5.0.2
2025-04-05 17:38:21,587 [WARN] PackLoader:240 - Cannot read IP mode file for STMicroelectronics.X-CUBE-DISPLAY.3.0.0
2025-04-05 17:38:21,619 [WARN] PackLoader:240 - Cannot read IP mode file for STMicroelectronics.X-CUBE-BLE1.7.0.0
2025-04-05 17:38:21,650 [WARN] PackLoader:240 - Cannot read IP mode file for STMicroelectronics.X-CUBE-NFC10.1.0.0
2025-04-05 17:38:21,678 [ERROR] Engine:466 - C:\Users\Mediatek\.stm32cubemx\thirdparties\pdsc\STMicroelectronics.X-CUBE-BLEMGR.4.0.0.pdsc: PDSC version is not supported
2025-04-05 17:38:21,703 [WARN] PackLoader:240 - Cannot read IP mode file for emotas.I-CUBE-CANOPEN.1.3.0
2025-04-05 17:38:21,732 [WARN] PackLoader:240 - Cannot read IP mode file for STMicroelectronics.X-CUBE-TOUCHGFX.4.22.0
2025-04-05 17:38:21,757 [WARN] PackLoader:240 - Cannot read IP mode file for STMicroelectronics.X-CUBE-TOUCHGFX.4.22.1
2025-04-05 17:38:21,790 [WARN] PackLoader:240 - Cannot read IP mode file for STMicroelectronics.X-CUBE-BLEMGR.3.1.0
2025-04-05 17:38:21,822 [WARN] PackLoader:240 - Cannot read IP mode file for STMicroelectronics.X-CUBE-AI.10.0.0
2025-04-05 17:38:22,055 [WARN] PackLoader:240 - Cannot read IP mode file for STMicroelectronics.FP-SNS-SMARTAG2.1.2.0
2025-04-05 17:38:22,078 [ERROR] Engine:466 - C:\Users\Mediatek\.stm32cubemx\thirdparties\pdsc\STMicroelectronics.FP-SNS-FLIGHT1.5.1.0.pdsc: PDSC version is not supported
2025-04-05 17:38:22,278 [WARN] PackLoader:240 - Cannot read IP mode file for STMicroelectronics.X-CUBE-MEMS1.11.1.0
2025-04-05 17:38:22,690 [INFO] LogOutputStream:77 - [STDOUT_REDIRECT] 1 : Invalid condition id : UX_CORESTACK_Condition cause : null
2025-04-05 17:38:22,692 [INFO] LogOutputStream:77 - [STDOUT_REDIRECT] 1 : Invalid condition id : UX_CORESTACK_Condition cause : null
2025-04-05 17:38:22,721 [INFO] LogOutputStream:77 - [STDOUT_REDIRECT] 1 : Invalid condition id : UX_CORESTACK_Condition cause : null
2025-04-05 17:38:22,723 [INFO] LogOutputStream:77 - [STDOUT_REDIRECT] 1 : Invalid condition id : UX_CORESTACK_Condition cause : null
2025-04-05 17:38:22,725 [INFO] LogOutputStream:77 - [STDOUT_REDIRECT] 1 : Invalid condition id : UX_CORESTACK_Condition cause : null
2025-04-05 17:38:22,757 [WARN] PackLoader:240 - Cannot read IP mode file for STMicroelectronics.X-CUBE-AZRTOS-WL.2.0.0
2025-04-05 17:38:22,790 [WARN] PackLoader:240 - Cannot read IP mode file for STMicroelectronics.FP-SNS-MOTENV1.5.0.0
2025-04-05 17:38:22,815 [WARN] PackLoader:240 - Cannot read IP mode file for wolfSSL.I-CUBE-wolfMQTT.1.19.0
2025-04-05 17:38:22,844 [WARN] PackLoader:240 - Cannot read IP mode file for WES.I-CUBE-Cesium.1.3.0
2025-04-05 17:38:22,867 [WARN] PackLoader:240 - Cannot read IP mode file for STMicroelectronics.X-CUBE-BLE2.3.3.0
2025-04-05 17:38:22,894 [WARN] PackLoader:240 - Cannot read IP mode file for STMicroelectronics.X-CUBE-NFC9.1.0.0
2025-04-05 17:38:22,920 [WARN] PackLoader:240 - Cannot read IP mode file for STMicroelectronics.X-CUBE-BLE1.7.1.0
2025-04-05 17:38:22,946 [WARN] PackLoader:240 - Cannot read IP mode file for STMicroelectronics.X-CUBE-TCPP.4.1.0
2025-04-05 17:38:22,973 [WARN] PackLoader:240 - Cannot read IP mode file for STMicroelectronics.X-CUBE-ALGOBUILD.1.3.0
2025-04-05 17:38:23,054 [WARN] PackLoader:240 - Cannot read IP mode file for STMicroelectronics.X-CUBE-AZRTOS-G0.1.1.0
2025-04-05 17:38:23,103 [WARN] PackLoader:240 - Cannot read IP mode file for STMicroelectronics.X-CUBE-SAFEA1.1.2.2
2025-04-05 17:38:23,140 [WARN] PackLoader:240 - Cannot read IP mode file for STMicroelectronics.X-CUBE-NFC4.3.0.0
2025-04-05 17:38:23,165 [ERROR] Engine:466 - C:\Users\Mediatek\.stm32cubemx\thirdparties\pdsc\EmbeddedOffice.I-CUBE-FS-RTOS.1.0.1.pdsc: PDSC version is not supported
2025-04-05 17:38:23,209 [WARN] PackLoader:240 - Cannot read IP mode file for STMicroelectronics.X-CUBE-BLEMGR.3.0.0
2025-04-05 17:38:23,239 [ERROR] Engine:466 - C:\Users\Mediatek\.stm32cubemx\thirdparties\pdsc\STMicroelectronics.X-CUBE-TCPP.4.2.0.pdsc: PDSC version is not supported
2025-04-05 17:38:23,258 [ERROR] Engine:466 - C:\Users\Mediatek\.stm32cubemx\thirdparties\pdsc\RealThread.X-CUBE-RT-Thread_Nano.4.1.1.pdsc: PDSC version is not supported
2025-04-05 17:38:23,279 [WARN] PackLoader:240 - Cannot read IP mode file for STMicroelectronics.FP-ATR-SIGFOX1.3.2.0
2025-04-05 17:38:23,297 [ERROR] Engine:466 - C:\Users\Mediatek\.stm32cubemx\thirdparties\pdsc\quantropi.X-CUBE-qispace-sdk-base.1.9.3.pdsc: PDSC version is not supported
2025-04-05 17:38:23,322 [WARN] PackLoader:240 - Cannot read IP mode file for STMicroelectronics.X-CUBE-EEPRMA1.5.1.0
2025-04-05 17:38:23,412 [WARN] PackLoader:240 - Cannot read IP mode file for SEGGER.I-CUBE-embOS.1.3.1
2025-04-05 17:38:23,791 [WARN] PackLoader:240 - Cannot read IP mode file for STMicroelectronics.X-CUBE-ALGOBUILD.1.4.0
2025-04-05 17:38:23,813 [WARN] PackLoader:240 - Cannot read IP mode file for STMicroelectronics.X-CUBE-AI.9.1.0
2025-04-05 17:38:23,838 [WARN] PackLoader:240 - Cannot read IP mode file for STMicroelectronics.X-CUBE-GNSS1.6.0.0
2025-04-05 17:38:23,910 [WARN] PackLoader:240 - Cannot read IP mode file for STMicroelectronics.X-CUBE-AZRTOS-F4.1.1.0
2025-04-05 17:38:23,941 [WARN] PackLoader:240 - Cannot read IP mode file for wolfSSL.I-CUBE-wolfSSL.5.6.3
2025-04-05 17:38:23,965 [WARN] PackLoader:240 - Cannot read IP mode file for STMicroelectronics.X-CUBE-ISPU.2.1.0
2025-04-05 17:38:23,990 [WARN] PackLoader:240 - Cannot read IP mode file for STMicroelectronics.X-CUBE-FREERTOS.1.2.0
2025-04-05 17:38:24,069 [WARN] PackLoader:240 - Cannot read IP mode file for STMicroelectronics.X-CUBE-AZRTOS-L5.2.0.0
2025-04-05 17:38:24,229 [WARN] PackLoader:240 - Cannot read IP mode file for STMicroelectronics.X-CUBE-MEMS1.9.6.0
2025-04-05 17:38:24,553 [WARN] PackLoader:240 - Cannot read IP mode file for STMicroelectronics.X-CUBE-EEPRMA1.4.2.0
2025-04-05 17:38:24,582 [WARN] PackLoader:240 - Cannot read IP mode file for STMicroelectronics.X-CUBE-NFC6.3.1.0
2025-04-05 17:38:24,608 [WARN] PackLoader:240 - Cannot read IP mode file for ITTIA_DB.I-CUBE-ITTIADB.8.8.0
2025-04-05 17:38:24,658 [WARN] PackLoader:240 - Cannot read IP mode file for STMicroelectronics.X-CUBE-BLEMGR.2.0.0
2025-04-05 17:38:24,684 [ERROR] Engine:466 - C:\Users\Mediatek\.stm32cubemx\thirdparties\pdsc\STMicroelectronics.X-CUBE-DPower.1.2.0.pdsc: PDSC version is not supported
2025-04-05 17:38:24,742 [WARN] ConditionMgr:438 - getConditionDescription Invalid condition id : UX DEVICE CLASS RTOS Condition cause : null
2025-04-05 17:38:24,743 [WARN] ConditionMgr:438 - getConditionDescription Invalid condition id : UX DEVICE CLASS RTOS Condition cause : null
2025-04-05 17:38:24,748 [WARN] PackLoader:240 - Cannot read IP mode file for STMicroelectronics.X-CUBE-AZRTOS-H7.3.1.0
2025-04-05 17:38:24,749 [WARN] ConditionMgr:1039 - genDependencies : Invalid condition id : UX DEVICE CLASS RTOS Condition cause : null
2025-04-05 17:38:24,750 [WARN] ConditionMgr:1039 - genDependencies : Invalid condition id : UX DEVICE CLASS RTOS Condition cause : null
2025-04-05 17:38:24,750 [WARN] ConditionMgr:1039 - genDependencies : Invalid condition id : UX DEVICE CLASS RTOS Condition cause : null
2025-04-05 17:38:24,751 [WARN] ConditionMgr:1039 - genDependencies : Invalid condition id : UX DEVICE CLASS RTOS Condition cause : null
2025-04-05 17:38:24,751 [WARN] ConditionMgr:1039 - genDependencies : Invalid condition id : UX DEVICE CLASS RTOS Condition cause : null
2025-04-05 17:38:24,775 [WARN] PackLoader:240 - Cannot read IP mode file for STMicroelectronics.X-CUBE-FREERTOS.1.3.0
2025-04-05 17:38:24,803 [WARN] PackLoader:240 - Cannot read IP mode file for STMicroelectronics.X-CUBE-NFC7.1.0.1
2025-04-05 17:38:24,830 [WARN] PackLoader:240 - Cannot read IP mode file for STMicroelectronics.X-CUBE-NFC6.3.0.0
2025-04-05 17:38:24,856 [WARN] PackLoader:240 - Cannot read IP mode file for STMicroelectronics.X-CUBE-EEPRMA1.4.1.0
2025-04-05 17:38:24,880 [ERROR] Engine:466 - C:\Users\Mediatek\.stm32cubemx\thirdparties\pdsc\STMicroelectronics.X-CUBE-DPower.1.3.0.pdsc: PDSC version is not supported
2025-04-05 17:38:24,900 [WARN] PackLoader:240 - Cannot read IP mode file for STMicroelectronics.X-CUBE-AI.8.1.0
2025-04-05 17:38:24,977 [WARN] ConditionMgr:438 - getConditionDescription Invalid condition id : LAN8742 Phy interface Condition cause : null
2025-04-05 17:38:24,978 [WARN] PackLoader:240 - Cannot read IP mode file for STMicroelectronics.X-CUBE-AZRTOS-L4.2.0.0
2025-04-05 17:38:24,980 [WARN] ConditionMgr:1039 - genDependencies : Invalid condition id : LAN8742 Phy interface Condition cause : null
2025-04-05 17:38:24,980 [WARN] ConditionMgr:1039 - genDependencies : Invalid condition id : LAN8742 Phy interface Condition cause : null
2025-04-05 17:38:24,981 [WARN] ConditionMgr:1039 - genDependencies : Invalid condition id : LAN8742 Phy interface Condition cause : null
2025-04-05 17:38:25,009 [WARN] PackLoader:240 - Cannot read IP mode file for STMicroelectronics.X-CUBE-SFXS2LP1.4.0.0
2025-04-05 17:38:25,032 [WARN] PackLoader:240 - Cannot read IP mode file for STMicroelectronics.X-CUBE-ISPU.1.1.0
2025-04-05 17:38:25,125 [WARN] PackLoader:240 - Cannot read IP mode file for STMicroelectronics.X-CUBE-AZRTOS-H7.3.3.0
2025-04-05 17:38:25,192 [ERROR] Engine:466 - C:\Users\Mediatek\.stm32cubemx\thirdparties\pdsc\STMicroelectronics.X-CUBE-IPS.3.0.0.pdsc: PDSC version is not supported
2025-04-05 17:38:25,237 [WARN] ConditionMgr:438 - getConditionDescription Invalid condition id : UX DEVICE CLASS RTOS Condition cause : null
2025-04-05 17:38:25,238 [WARN] ConditionMgr:438 - getConditionDescription Invalid condition id : UX DEVICE CLASS RTOS Condition cause : null
2025-04-05 17:38:25,241 [WARN] PackLoader:240 - Cannot read IP mode file for STMicroelectronics.X-CUBE-AZRTOS-WB.2.0.0
2025-04-05 17:38:25,242 [WARN] ConditionMgr:1039 - genDependencies : Invalid condition id : UX DEVICE CLASS RTOS Condition cause : null
2025-04-05 17:38:25,242 [WARN] ConditionMgr:1039 - genDependencies : Invalid condition id : UX DEVICE CLASS RTOS Condition cause : null
2025-04-05 17:38:25,242 [WARN] ConditionMgr:1039 - genDependencies : Invalid condition id : UX DEVICE CLASS RTOS Condition cause : null
2025-04-05 17:38:25,243 [WARN] ConditionMgr:1039 - genDependencies : Invalid condition id : UX DEVICE CLASS RTOS Condition cause : null
2025-04-05 17:38:25,243 [WARN] ConditionMgr:1039 - genDependencies : Invalid condition id : UX DEVICE CLASS RTOS Condition cause : null
2025-04-05 17:38:25,287 [WARN] PackLoader:240 - Cannot read IP mode file for STMicroelectronics.X-CUBE-FREERTOS.1.0.1
2025-04-05 17:38:25,329 [WARN] PackLoader:240 - Cannot read IP mode file for STMicroelectronics.X-CUBE-GNSS1.7.0.0
2025-04-05 17:38:25,356 [WARN] PackLoader:240 - Cannot read IP mode file for STMicroelectronics.X-CUBE-GNSS1.7.0.1
2025-04-05 17:38:25,387 [WARN] PackLoader:240 - Cannot read IP mode file for STMicroelectronics.X-CUBE-TOUCHGFX.4.25.0
2025-04-05 17:38:25,410 [ERROR] Engine:466 - C:\Users\Mediatek\.stm32cubemx\thirdparties\pdsc\STMicroelectronics.FP-SNS-STBOX1.2.0.0.pdsc: PDSC version is not supported
2025-04-05 17:38:25,430 [WARN] PackLoader:240 - Cannot read IP mode file for STMicroelectronics.X-CUBE-AI.8.0.1
2025-04-05 17:38:25,490 [WARN] PackLoader:240 - Cannot read IP mode file for STMicroelectronics.X-CUBE-SUBG2.5.0.0
2025-04-05 17:38:25,593 [WARN] PackLoader:240 - Cannot read IP mode file for STMicroelectronics.X-CUBE-AZRTOS-H7RS.1.1.0
2025-04-05 17:38:25,624 [WARN] PackLoader:240 - Cannot read IP mode file for Cesanta.I-CUBE-Mongoose.7.13.0
2025-04-05 17:38:25,758 [WARN] PackLoader:240 - Cannot read IP mode file for STMicroelectronics.X-CUBE-TOF1.3.3.1
2025-04-05 17:38:25,841 [WARN] PackLoader:240 - Cannot read IP mode file for STMicroelectronics.X-CUBE-AZRTOS-G4.2.0.0
2025-04-05 17:38:25,886 [WARN] PackLoader:240 - Cannot read IP mode file for Infineon.AIROC-Wi-Fi-Bluetooth-STM32.1.5.1
2025-04-05 17:38:25,910 [WARN] PackLoader:240 - Cannot read IP mode file for STMicroelectronics.FP-SNS-MOTENVWB1.1.3.0
2025-04-05 17:38:25,943 [ERROR] Engine:466 - C:\Users\Mediatek\.stm32cubemx\thirdparties\pdsc\STMicroelectronics.X-CUBE-IPS.3.1.0.pdsc: PDSC version is not supported
2025-04-05 17:38:25,964 [WARN] PackLoader:240 - Cannot read IP mode file for STMicroelectronics.X-CUBE-ALS.1.0.2
2025-04-05 17:38:26,050 [WARN] PackLoader:240 - Cannot read IP mode file for STMicroelectronics.X-CUBE-MEMS1.10.0.0
2025-04-05 17:38:26,179 [WARN] PackLoader:240 - Cannot read IP mode file for STMicroelectronics.X-CUBE-FREERTOS.1.1.0
2025-04-05 17:38:26,195 [WARN] PackLoader:240 - Cannot read IP mode file for STMicroelectronics.X-CUBE-TOUCHGFX.4.24.2
2025-04-05 17:38:26,220 [WARN] PackLoader:240 - Cannot read IP mode file for STMicroelectronics.X-CUBE-TOUCHGFX.4.24.1
2025-04-05 17:38:26,242 [WARN] PackLoader:240 - Cannot read IP mode file for wolfSSL.I-CUBE-wolfTPM.3.4.0
2025-04-05 17:38:26,269 [WARN] PackLoader:240 - Cannot read IP mode file for portGmbH.I-Cube-SoM-uGOAL.1.1.0
2025-04-05 17:38:26,292 [WARN] PackLoader:240 - Cannot read IP mode file for STMicroelectronics.X-CUBE-ALS.1.0.1
2025-04-05 17:38:26,342 [WARN] PackLoader:240 - Cannot read IP mode file for STMicroelectronics.X-CUBE-AZRTOS-H7RS.1.0.0
2025-04-05 17:38:26,362 [WARN] PackLoader:240 - Cannot read IP mode file for STMicroelectronics.FP-ATR-ASTRA1.2.0.0
2025-04-05 17:38:26,385 [ERROR] Engine:466 - C:\Users\Mediatek\.stm32cubemx\thirdparties\pdsc\STMicroelectronics.X-CUBE-TOF1.3.4.2.pdsc: PDSC version is not supported
2025-04-05 17:38:26,405 [WARN] PackLoader:240 - Cannot read IP mode file for wolfSSL.I-CUBE-wolfSSH.1.4.17
2025-04-05 17:38:26,405 [INFO] ThirdParty:978 - Integrity check success = true
2025-04-05 17:38:26,406 [INFO] IntegrityCheckThread:100 - exiting critical section [integrity check]
2025-04-05 17:38:26,406 [INFO] ThirdParty:873 - entering critical section [close project]
2025-04-05 17:38:26,406 [INFO] IntegrityCheckThread:103 - End integrity checks thread
2025-04-05 17:38:26,407 [INFO] ThirdParty:883 - exiting critical section [close project]
2025-04-05 17:38:26,410 [INFO] PinOutPanel:1499 - setPackage(No Configuration,No Configuration)
2025-04-05 17:38:26,421 [INFO] UtilMem:75 - Begin LoadConfig() Used Memory: 332005672 Bytes (464519168)
2025-04-05 17:38:26,423 [INFO] MicroXplorer:468 - Change Database Path : 
2025-04-05 17:38:26,423 [INFO] MicroXplorer:498 - Change Database Version : DB.6.0.90
2025-04-05 17:38:26,424 [INFO] OpenFileManager:308 - Change cursor
2025-04-05 17:38:26,515 [INFO] Mcu:1946 - Initializing MCU STM32L476R(C-E-G)Tx STM32L476RGTx STM32L476RGT3
2025-04-05 17:38:31,958 [INFO] Context:659 - Trying to add GPIOservice into a context  which must be forbidden
2025-04-05 17:38:33,927 [INFO] RtosManager:555 - Registered RTOS mode: class=CMSIS, group=RTOS, mode=CMSIS_V1, owner=FREERTOS
2025-04-05 17:38:33,927 [INFO] RtosManager:555 - Registered RTOS mode: class=CMSIS, group=RTOS2, mode=CMSIS_V2, owner=FREERTOS
2025-04-05 17:38:33,928 [INFO] RtosManager:555 - Registered RTOS mode: class=RTOS, group=Core, mode=CMSIS_V1, owner=FREERTOS
2025-04-05 17:38:33,928 [INFO] RtosManager:555 - Registered RTOS mode: class=RTOS, group=Core, mode=CMSIS_V2, owner=FREERTOS
2025-04-05 17:38:33,928 [WARN] ModelIntegratedComponent:184 - Missing modes for component STMicroelectronics:FreeRTOS:0.0.1:STMicroelectronics:RTOS:FreeRTOS:Core:::10.2.0:
2025-04-05 17:38:33,935 [WARN] ModelIntegratedComponent:63 - No mode defined for component null
2025-04-05 17:38:33,935 [WARN] ModelIntegratedComponent:63 - No mode defined for component null
2025-04-05 17:38:33,935 [WARN] ModelIntegratedComponent:63 - No mode defined for component null
2025-04-05 17:38:33,936 [WARN] ModelIntegratedComponent:63 - No mode defined for component null
2025-04-05 17:38:33,936 [WARN] ModelIntegratedComponent:63 - No mode defined for component null
2025-04-05 17:38:33,936 [WARN] ModelIntegratedComponent:63 - No mode defined for component null
2025-04-05 17:38:33,936 [WARN] ModelIntegratedComponent:63 - No mode defined for component null
2025-04-05 17:38:33,936 [WARN] ModelIntegratedComponent:63 - No mode defined for component null
2025-04-05 17:38:33,936 [WARN] ModelIntegratedComponent:63 - No mode defined for component null
2025-04-05 17:38:33,936 [WARN] ModelIntegratedComponent:63 - No mode defined for component null
2025-04-05 17:38:33,936 [WARN] ModelIntegratedComponent:63 - No mode defined for component null
2025-04-05 17:38:33,936 [WARN] ModelIntegratedComponent:63 - No mode defined for component null
2025-04-05 17:38:33,936 [WARN] ModelIntegratedComponent:63 - No mode defined for component null
2025-04-05 17:38:33,936 [WARN] ModelIntegratedComponent:63 - No mode defined for component null
2025-04-05 17:38:33,936 [WARN] ModelIntegratedComponent:63 - No mode defined for component null
2025-04-05 17:38:33,936 [WARN] ModelIntegratedComponent:63 - No mode defined for component null
2025-04-05 17:38:33,937 [WARN] ModelIntegratedComponent:63 - No mode defined for component null
2025-04-05 17:38:33,937 [WARN] ModelIntegratedComponent:63 - No mode defined for component null
2025-04-05 17:38:33,937 [WARN] ModelIntegratedComponent:63 - No mode defined for component null
2025-04-05 17:38:33,937 [WARN] ModelIntegratedComponent:63 - No mode defined for component null
2025-04-05 17:38:33,937 [WARN] ModelIntegratedComponent:63 - No mode defined for component null
2025-04-05 17:38:33,937 [WARN] ModelIntegratedComponent:63 - No mode defined for component null
2025-04-05 17:38:33,937 [WARN] ModelIntegratedComponent:63 - No mode defined for component null
2025-04-05 17:38:33,937 [WARN] ModelIntegratedComponent:63 - No mode defined for component null
2025-04-05 17:38:33,937 [WARN] ModelIntegratedComponent:63 - No mode defined for component null
2025-04-05 17:38:33,938 [WARN] ModelIntegratedComponent:63 - No mode defined for component null
2025-04-05 17:38:33,938 [WARN] ModelIntegratedComponent:63 - No mode defined for component null
2025-04-05 17:38:33,938 [WARN] ModelIntegratedComponent:63 - No mode defined for component null
2025-04-05 17:38:33,938 [WARN] ModelIntegratedComponent:63 - No mode defined for component null
2025-04-05 17:38:33,938 [WARN] ModelIntegratedComponent:63 - No mode defined for component null
2025-04-05 17:38:33,938 [WARN] ModelIntegratedComponent:63 - No mode defined for component null
2025-04-05 17:38:33,938 [WARN] ModelIntegratedComponent:63 - No mode defined for component null
2025-04-05 17:38:33,938 [WARN] ModelIntegratedComponent:63 - No mode defined for component null
2025-04-05 17:38:34,264 [INFO] ThirdPartyModel:298 - Start build external matchings
2025-04-05 17:38:36,903 [INFO] ThirdPartyModel:316 - End build external matchings
2025-04-05 17:38:36,973 [INFO] ImportTextPane:194 - (OptionalMessage_ERROR) IP (RCC) : Invalid parameter (FamilyName)
2025-04-05 17:38:37,780 [INFO] UtilMem:75 - End LoadConfig() Used Memory: 307958232 Bytes (683671552)
2025-04-05 17:38:38,553 [INFO] ApiDb:581 - Connected to CubeFinder SQLite database (C:\Users\Mediatek\.stmcufinder\plugins\mcufinder\mcu\cube-finder-db.db)
2025-04-05 17:38:39,101 [INFO] ApiDb:668 - CubeFinder database Data Model version=2.1
2025-04-05 17:38:39,102 [INFO] ApiDb:669 - CubeFinder database Configuration version=3.0.39
2025-04-05 17:38:39,102 [INFO] ApiDb:670 - CubeFinder database generation date=2025-03-24 (1742811287)
2025-04-05 17:38:39,103 [INFO] ApiDb:671 - CubeFinder database FW Pack versions=[FP-ATR-ASTRA1_V2.0.0, FP-SNS-FLIGHT1_V5.0.2, FP-SNS-MOTENV1_V5.0.0, FP-SNS-MOTENVWB1_V1.4.0, FP-SNS-SMARTAG2_V1.2.0, FP-SNS-STBOX1_V2.0.0, STM32Cube_FW_C0_V1.4.0, STM32Cube_FW_F4_V1.28.1, STM32Cube_FW_F7_V1.17.2, STM32Cube_FW_G0_V1.6.2, STM32Cube_FW_G4_V1.6.1, STM32Cube_FW_H5_V1.5.0, STM32Cube_FW_H7RS_V1.2.0, STM32Cube_FW_H7_V1.12.1, STM32Cube_FW_L0_V1.12.2, STM32Cube_FW_L4_V1.18.1, STM32Cube_FW_L5_V1.5.1, STM32Cube_FW_N6_V1.1.0, STM32Cube_FW_U0_V1.2.0, STM32Cube_FW_U3_V1.1.0, STM32Cube_FW_U5_V1.7.0, STM32Cube_FW_WB0_V1.2.0, STM32Cube_FW_WBA_V1.6.0, STM32Cube_FW_WB_V1.22.0, STM32Cube_FW_WL3_V1.1.0, STM32Cube_FW_WL_V1.3.1, X-CUBE-ALGOBUILD_V1.4.0, X-CUBE-ALS_V1.0.2, X-CUBE-AZRTOS-F4_V1.1.0, X-CUBE-AZRTOS-F7_V1.1.0, X-CUBE-AZRTOS-G0_V1.1.0, X-CUBE-AZRTOS-G4_V2.0.0, X-CUBE-AZRTOS-H7RS_V1.0.0, X-CUBE-AZRTOS-H7_V3.3.0, X-CUBE-AZRTOS-L4_V2.0.0, X-CUBE-AZRTOS-L5_V2.0.0, X-CUBE-AZRTOS-WB_V2.0.0, X-CUBE-AZRTOS-WL_V2.0.0, X-CUBE-BLE1_V7.1.0, X-CUBE-BLE2_V3.3.0, X-CUBE-BLEMGR_V4.0.0, X-CUBE-EEPRMA1_V5.1.0, X-CUBE-FREERTOS_V1.3.0, X-CUBE-GNSS1_V6.0.0, X-CUBE-MEMS1_V11.1.0, X-CUBE-NFC4_V3.0.0, X-CUBE-NFC7_V1.0.1, X-CUBE-SFXS2LP1_V4.0.0, X-CUBE-SUBG2_V5.0.0, X-CUBE-TOF1_V3.4.2]
2025-04-05 17:38:39,496 [ERROR] LogOutputStream:75 - [STDERR_REDIRECT] SLF4J: Failed to load class "org.slf4j.impl.StaticLoggerBinder".
2025-04-05 17:38:39,496 [ERROR] LogOutputStream:75 - [STDERR_REDIRECT] SLF4J: Defaulting to no-operation (NOP) logger implementation
2025-04-05 17:38:39,499 [ERROR] LogOutputStream:75 - [STDERR_REDIRECT] SLF4J: See http://www.slf4j.org/codes.html#StaticLoggerBinder for further details.
2025-04-05 17:38:44,343 [INFO] ApiDb:240 - Found 323 in-development CPN: [B-G473E-ZEST1S, B-WB1M-WPAN1, B-WL5M-SUBG1, NUCLEO-C031C6, NUCLEO-H503RB, NUCLEO-H563ZI, NUCLEO-U545RE-Q, NUCLEO-U5A5ZJ-Q, NUCLEO-WBA52CG, STEVAL-PROTEUS1, STEVAL-SMARTAG2, STEVAL-STWINBX1, STM320518-EVAL, STM32C0116-DK, STM32C011D6Y3TR, STM32C011D6Y6TR, STM32C011F4P3, STM32C011F4P6, STM32C011F4U3, STM32C011F4U6TR, STM32C011F6P3, STM32C011F6P6, STM32C011F6U3, STM32C011F6U6TR, STM32C011J4M3, STM32C011J4M6, STM32C011J6M3, STM32C011J6M6, STM32C0316-DK, STM32C031C4T3, STM32C031C4T6, STM32C031C4U3, STM32C031C4U6, STM32C031C6T3, STM32C031C6T6, STM32C031C6U3, STM32C031C6U6, STM32C031F4P3, STM32C031F4P6, STM32C031F6P3, STM32C031F6P6, STM32C031G4U3, STM32C031G4U6, STM32C031G6U3, STM32C031G6U6, STM32C031K4T3, STM32C031K4T6, STM32C031K4U3, STM32C031K4U6, STM32C031K6T3, STM32C031K6T6, STM32C031K6U3, STM32C031K6U6, STM32G071K8TXN, STM32G071K8UXN, STM32G081GBU6N, STM32G081KBT6N, STM32G081KBUXN, STM32G0B1CCT6N, STM32G0B1KCT6, STM32G0B1NEY6TR, STM32G0B1RCT6N, STM32G0C1CCT6, STM32G0C1CCT6N, STM32G0C1CCU6N, STM32G0C1CET6N, STM32G0C1CEU6N, STM32G0C1KCT6, STM32G0C1NEY6TR, STM32G0C1RCI6N, STM32G0C1RCT6N, STM32G0C1REI6N, STM32G0C1RET6N, STM32G0C1VCI6, STM32G0C1VEI6, STM32G471CCT6, STM32G471CCU6, STM32G471CET3, STM32G471CET6, STM32G471CEU3, STM32G471CEU6, STM32G471MCT6, STM32G471MET3, STM32G471MET6, STM32G471MEY6TR, STM32G471QCT6, STM32G471QET3, STM32G471RCT6, STM32G471RET3, STM32G471RET6, STM32G471VCH6, STM32G471VCI6, STM32G471VCT6, STM32G471VEH3, STM32G471VEH6, STM32G471VEI3, STM32G471VEI6, STM32G471VET3, STM32G471VET6, STM32G474CCT6, STM32H503CBT6, STM32H503CBU6, STM32H503EBY6TR, STM32H503KBU6, STM32H503RBT6, STM32H562AGI6, STM32H562AII6, STM32H562IGK6, STM32H562IGT6, STM32H562IIK6, STM32H562IIT6, STM32H562RGT6, STM32H562RGV6, STM32H562RIT6, STM32H562RIV6, STM32H562VGT6, STM32H562VIT6, STM32H562ZGT6, STM32H562ZIT6, STM32H563AGI6, STM32H563AII3Q, STM32H563AII6, STM32H563IGK6, STM32H563IGT6, STM32H563IIK3Q, STM32H563IIK6, STM32H563IIT3Q, STM32H563IIT6, STM32H563MIY3QTR, STM32H563RGT6, STM32H563RGV6, STM32H563RIT6, STM32H563RIV6, STM32H563VGT6, STM32H563VIT3Q, STM32H563VIT6, STM32H563ZGT6, STM32H563ZIT3Q, STM32H563ZIT6, STM32H573AII3Q, STM32H573AII6, STM32H573I-DK, STM32H573IIK3Q, STM32H573IIK6, STM32H573IIT3Q, STM32H573IIT6, STM32H573MIY3QTR, STM32H573RIT6, STM32H573RIV6, STM32H573VIT3Q, STM32H573VIT6, STM32H573ZIT3Q, STM32H573ZIT6, STM32L4R5QGI6STR, STM32MP131AAE3, STM32MP131AAF3, STM32MP131AAG3, STM32MP131CAE3, STM32MP131CAF3, STM32MP131CAG3, STM32MP131DAE7, STM32MP131DAF7, STM32MP131DAG7, STM32MP131FAE7, STM32MP131FAF7, STM32MP131FAG7, STM32MP133AAE3, STM32MP133AAF3, STM32MP133AAG3, STM32MP133CAE3, STM32MP133CAF3, STM32MP133CAG3, STM32MP133DAE7, STM32MP133DAF7, STM32MP133DAG7, STM32MP133FAE7, STM32MP133FAF7, STM32MP133FAG7, STM32MP135AAE3, STM32MP135AAF3, STM32MP135AAG3, STM32MP135CAE3, STM32MP135CAF3, STM32MP135CAG3, STM32MP135DAE7, STM32MP135DAF7, STM32MP135DAG7, STM32MP135F-DK, STM32MP135FAE7, STM32MP135FAF7, STM32MP135FAF7T, STM32MP135FAF7U, STM32MP135FAG7, STM32U535CBT6, STM32U535CBT6Q, STM32U535CBU6, STM32U535CBU6Q, STM32U535CCT6, STM32U535CCT6Q, STM32U535CCU6, STM32U535CCU6Q, STM32U535CET6, STM32U535CET6Q, STM32U535CEU6, STM32U535CEU6Q, STM32U535JEY6QTR, STM32U535NCY6QTR, STM32U535NEY6QTR, STM32U535RBI6, STM32U535RBI6Q, STM32U535RBT6, STM32U535RBT6Q, STM32U535RCI6, STM32U535RCI6Q, STM32U535RCT6, STM32U535RCT6Q, STM32U535REI6, STM32U535REI6Q, STM32U535RET6, STM32U535RET6Q, STM32U535VCI6, STM32U535VCI6Q, STM32U535VCT6, STM32U535VCT6Q, STM32U535VEI6, STM32U535VEI6Q, STM32U535VET6, STM32U535VET6Q, STM32U545CET6, STM32U545CET6Q, STM32U545CEU6, STM32U545CEU6Q, STM32U545JEY6QTR, STM32U545NEY6QTR, STM32U545REI6, STM32U545REI6Q, STM32U545RET6, STM32U545RET6Q, STM32U545VEI6, STM32U545VEI6Q, STM32U545VET6, STM32U545VET6Q, STM32U595AIH6, STM32U595AIH6Q, STM32U595AJH6, STM32U595AJH6Q, STM32U595QII6, STM32U595QII6Q, STM32U595QJI6, STM32U595QJI6Q, STM32U595RIT6, STM32U595RIT6Q, STM32U595RJT6, STM32U595RJT6Q, STM32U595VIT6, STM32U595VIT6Q, STM32U595VJT6, STM32U595VJT6Q, STM32U595ZIT6, STM32U595ZIT6Q, STM32U595ZIY6QTR, STM32U595ZJT6, STM32U595ZJT6Q, STM32U595ZJY6QTR, STM32U599BJY6QTR, STM32U599NIH6Q, STM32U599NJH6Q, STM32U599VIT6Q, STM32U599VJT6, STM32U599VJT6Q, STM32U599ZIT6Q, STM32U599ZIY6QTR, STM32U599ZJT6Q, STM32U599ZJY6QTR, STM32U5A5AJH6, STM32U5A5AJH6Q, STM32U5A5QJI6, STM32U5A5QJI6Q, STM32U5A5RJT6, STM32U5A5RJT6Q, STM32U5A5VJT6, STM32U5A5VJT6Q, STM32U5A5ZJT6, STM32U5A5ZJT6Q, STM32U5A5ZJY6QTR, STM32U5A9BJY6QTR, STM32U5A9J-DK, STM32U5A9NJH6Q, STM32U5A9VJT6Q, STM32U5A9ZJT6Q, STM32U5A9ZJY6QTR, STM32U5F7VIT6, STM32U5F7VIT6Q, STM32U5F7VJT6, STM32U5F7VJT6Q, STM32U5F9BJY6QTR, STM32U5F9NJH6Q, STM32U5F9VIT6Q, STM32U5F9VJT6Q, STM32U5F9ZIJ6QTR, STM32U5F9ZIT6Q, STM32U5F9ZJJ6QTR, STM32U5F9ZJT6Q, STM32U5G7VJT6, STM32U5G7VJT6Q, STM32U5G9BJY6QTR, STM32U5G9J-DK1, STM32U5G9J-DK2, STM32U5G9NJH6Q, STM32U5G9VJT6Q, STM32U5G9ZJJ6QTR, STM32U5G9ZJT6Q, STM32WB1MMCH6, STM32WBA52CEU6, STM32WBA52CEU6T, STM32WBA52CGU6, STM32WBA52CGU6T, STM32WBA52KEU6, STM32WBA52KEU6T, STM32WBA52KGU6, STM32WBA52KGU6T, STM32WL5MOCH6, STM32WL5MOCH6TR]
2025-04-05 17:38:44,352 [INFO] DbMcus:217 - Found 4642 MCUs, 4642 are supported
2025-04-05 17:38:44,372 [INFO] ApiDb:423 - Load user favorites file C:\Users\Mediatek/.stm32cubeide/favorites.mcus.txt: 1 item(s)
2025-04-05 17:38:44,372 [INFO] ApiDb:427 - User favorites MCUs=[STM32L476RGT3]
2025-04-05 17:38:44,373 [INFO] DbMcus:223 - Set 1 / 1 favorites MCUs
2025-04-05 17:38:46,648 [WARN] ThirdParty:833 - waiting for thirdparty lock release [change project]
2025-04-05 17:38:46,648 [INFO] ThirdParty:835 - entering critical section [change project]
2025-04-05 17:38:46,649 [INFO] ThirdParty:1030 - CMSIS Pack Vendor :STMicroelectronics USBPD 4.1
2025-04-05 17:38:46,649 [INFO] ThirdParty:1030 - CMSIS Pack Vendor :STMicroelectronics X-CUBE-GNSS1 6.0.0
2025-04-05 17:38:46,649 [INFO] ThirdParty:1030 - CMSIS Pack Vendor :STMicroelectronics USB_HOST 2.0.0
2025-04-05 17:38:46,649 [INFO] ThirdParty:1030 - CMSIS Pack Vendor :STMicroelectronics FP-SNS-MOTENVWB1 1.4.0
2025-04-05 17:38:46,649 [INFO] ThirdParty:1030 - CMSIS Pack Vendor :STMicroelectronics X-CUBE-AZRTOS-F4 1.1.0
2025-04-05 17:38:46,649 [INFO] ThirdParty:1030 - CMSIS Pack Vendor :STMicroelectronics LIBJPEG 8.0.0
2025-04-05 17:38:46,649 [INFO] ThirdParty:1030 - CMSIS Pack Vendor :STMicroelectronics FP-ATR-ASTRA1 2.0.2
2025-04-05 17:38:46,649 [INFO] ThirdParty:1030 - CMSIS Pack Vendor :STMicroelectronics FP-ATR-ASTRA1 2.0.1
2025-04-05 17:38:46,649 [INFO] ThirdParty:1030 - CMSIS Pack Vendor :wolfSSL I-CUBE-wolfSSL 5.6.3
2025-04-05 17:38:46,650 [INFO] ThirdParty:1030 - CMSIS Pack Vendor :STMicroelectronics X-CUBE-SMBUS 2.1.0
2025-04-05 17:38:46,650 [INFO] ThirdParty:1030 - CMSIS Pack Vendor :STMicroelectronics X-CUBE-WB05N 1.1.0
2025-04-05 17:38:46,650 [INFO] ThirdParty:1030 - CMSIS Pack Vendor :STMicroelectronics X-CUBE-ISPU 2.1.0
2025-04-05 17:38:46,650 [INFO] ThirdParty:1030 - CMSIS Pack Vendor :STMicroelectronics X-CUBE-FREERTOS 1.2.0
2025-04-05 17:38:46,650 [INFO] ThirdParty:1030 - CMSIS Pack Vendor :STMicroelectronics X-CUBE-AZRTOS-F7 1.1.0
2025-04-05 17:38:46,650 [INFO] ThirdParty:1030 - CMSIS Pack Vendor :STMicroelectronics X-CUBE-AZRTOS-L5 2.0.0
2025-04-05 17:38:46,650 [INFO] ThirdParty:1030 - CMSIS Pack Vendor :STMicroelectronics USB_DEVICE 2.0.0
2025-04-05 17:38:46,650 [INFO] ThirdParty:1030 - CMSIS Pack Vendor :STMicroelectronics X-CUBE-MEMS1 9.6.0
2025-04-05 17:38:46,650 [INFO] ThirdParty:1030 - CMSIS Pack Vendor :STMicroelectronics X-CUBE-EEPRMA1 4.2.0
2025-04-05 17:38:46,650 [INFO] ThirdParty:1030 - CMSIS Pack Vendor :STMicroelectronics X-CUBE-NFC6 3.1.0
2025-04-05 17:38:46,650 [INFO] ThirdParty:1030 - CMSIS Pack Vendor :ITTIA_DB I-CUBE-ITTIADB 8.8.0
2025-04-05 17:38:46,651 [INFO] ThirdParty:1030 - CMSIS Pack Vendor :STMicroelectronics FP-SNS-MOTENV1 4.3.2
2025-04-05 17:38:46,651 [INFO] ThirdParty:1030 - CMSIS Pack Vendor :STMicroelectronics X-CUBE-MEMS1 11.0.0
2025-04-05 17:38:46,651 [INFO] ThirdParty:1030 - CMSIS Pack Vendor :STMicroelectronics X-CUBE-BLE1 6.2.4
2025-04-05 17:38:46,651 [INFO] ThirdParty:1030 - CMSIS Pack Vendor :STMicroelectronics FreeRTOS 0.0.1
2025-04-05 17:38:46,651 [INFO] ThirdParty:1030 - CMSIS Pack Vendor :STMicroelectronics X-CUBE-BLEMGR 2.0.0
2025-04-05 17:38:46,651 [INFO] ThirdParty:1030 - CMSIS Pack Vendor :STMicroelectronics FP-SNS-FLIGHT1 5.0.2
2025-04-05 17:38:46,651 [INFO] ThirdParty:1030 - CMSIS Pack Vendor :STMicroelectronics X-CUBE-AZRTOS-H7 3.1.0
2025-04-05 17:38:46,651 [INFO] ThirdParty:1030 - CMSIS Pack Vendor :STMicroelectronics PDM2PCM 3.3.0
2025-04-05 17:38:46,651 [INFO] ThirdParty:1030 - CMSIS Pack Vendor :STMicroelectronics X-CUBE-DISPLAY 3.0.0
2025-04-05 17:38:46,651 [INFO] ThirdParty:1030 - CMSIS Pack Vendor :STMicroelectronics X-CUBE-BLE1 7.0.0
2025-04-05 17:38:46,651 [INFO] ThirdParty:1030 - CMSIS Pack Vendor :STMicroelectronics X-CUBE-NFC10 1.0.0
2025-04-05 17:38:46,651 [INFO] ThirdParty:1030 - CMSIS Pack Vendor :STMicroelectronics HAL Drivers 0.0.0
2025-04-05 17:38:46,652 [INFO] ThirdParty:1030 - CMSIS Pack Vendor :emotas I-CUBE-CANOPEN 1.3.0
2025-04-05 17:38:46,652 [INFO] ThirdParty:1030 - CMSIS Pack Vendor :STMicroelectronics X-CUBE-FREERTOS 1.3.0
2025-04-05 17:38:46,652 [INFO] ThirdParty:1030 - CMSIS Pack Vendor :STMicroelectronics X-CUBE-TOUCHGFX 4.22.0
2025-04-05 17:38:46,652 [INFO] ThirdParty:1030 - CMSIS Pack Vendor :STMicroelectronics X-CUBE-NFC7 1.0.1
2025-04-05 17:38:46,652 [INFO] ThirdParty:1030 - CMSIS Pack Vendor :STMicroelectronics MBEDTLS 2.14.1
2025-04-05 17:38:46,652 [INFO] ThirdParty:1030 - CMSIS Pack Vendor :STMicroelectronics X-CUBE-TOUCHGFX 4.22.1
2025-04-05 17:38:46,652 [INFO] ThirdParty:1030 - CMSIS Pack Vendor :STMicroelectronics X-CUBE-NFC6 3.0.0
2025-04-05 17:38:46,652 [INFO] ThirdParty:1030 - CMSIS Pack Vendor :STMicroelectronics X-CUBE-EEPRMA1 4.1.0
2025-04-05 17:38:46,652 [INFO] ThirdParty:1030 - CMSIS Pack Vendor :STMicroelectronics X-CUBE-BLEMGR 3.1.0
2025-04-05 17:38:46,652 [INFO] ThirdParty:1030 - CMSIS Pack Vendor :STMicroelectronics X-CUBE-AI 10.0.0
2025-04-05 17:38:46,652 [INFO] ThirdParty:1030 - CMSIS Pack Vendor :STMicroelectronics FP-SNS-SMARTAG2 1.2.0
2025-04-05 17:38:46,652 [INFO] ThirdParty:1030 - CMSIS Pack Vendor :STMicroelectronics X-CUBE-MEMS1 11.1.0
2025-04-05 17:38:46,652 [INFO] ThirdParty:1030 - CMSIS Pack Vendor :STMicroelectronics X-CUBE-AZRTOS-WL 2.0.0
2025-04-05 17:38:46,653 [INFO] ThirdParty:1030 - CMSIS Pack Vendor :STMicroelectronics FP-SNS-MOTENV1 5.0.0
2025-04-05 17:38:46,653 [INFO] ThirdParty:1030 - CMSIS Pack Vendor :STMicroelectronics USB_DEVICE 1.0.0
2025-04-05 17:38:46,653 [INFO] ThirdParty:1030 - CMSIS Pack Vendor :STMicroelectronics X-CUBE-AI 8.1.0
2025-04-05 17:38:46,653 [INFO] ThirdParty:1030 - CMSIS Pack Vendor :wolfSSL I-CUBE-wolfMQTT 1.19.0
2025-04-05 17:38:46,653 [INFO] ThirdParty:1030 - CMSIS Pack Vendor :STMicroelectronics X-CUBE-AZRTOS-L4 2.0.0
2025-04-05 17:38:46,653 [INFO] ThirdParty:1030 - CMSIS Pack Vendor :STMicroelectronics ThreadX 0.0.2
2025-04-05 17:38:46,653 [INFO] ThirdParty:1030 - CMSIS Pack Vendor :WES I-CUBE-Cesium 1.3.0
2025-04-05 17:38:46,653 [INFO] ThirdParty:1030 - CMSIS Pack Vendor :STMicroelectronics lwIP 2.1.2
2025-04-05 17:38:46,653 [INFO] ThirdParty:1030 - CMSIS Pack Vendor :STMicroelectronics X-CUBE-SFXS2LP1 4.0.0
2025-04-05 17:38:46,653 [INFO] ThirdParty:1030 - CMSIS Pack Vendor :STMicroelectronics X-CUBE-BLE2 3.3.0
2025-04-05 17:38:46,653 [INFO] ThirdParty:1030 - CMSIS Pack Vendor :STMicroelectronics PDM2PCM 3.2.0
2025-04-05 17:38:46,653 [INFO] ThirdParty:1030 - CMSIS Pack Vendor :STMicroelectronics X-CUBE-ISPU 1.1.0
2025-04-05 17:38:46,653 [INFO] ThirdParty:1030 - CMSIS Pack Vendor :STMicroelectronics X-CUBE-AZRTOS-H7 3.3.0
2025-04-05 17:38:46,654 [INFO] ThirdParty:1030 - CMSIS Pack Vendor :STMicroelectronics X-CUBE-NFC9 1.0.0
2025-04-05 17:38:46,654 [INFO] ThirdParty:1030 - CMSIS Pack Vendor :STMicroelectronics X-CUBE-BLE1 7.1.0
2025-04-05 17:38:46,654 [INFO] ThirdParty:1030 - CMSIS Pack Vendor :STMicroelectronics USB_DEVICE 3.0.0
2025-04-05 17:38:46,654 [INFO] ThirdParty:1030 - CMSIS Pack Vendor :STMicroelectronics X-CUBE-TCPP 4.1.0
2025-04-05 17:38:46,654 [INFO] ThirdParty:1030 - CMSIS Pack Vendor :STMicroelectronics X-CUBE-AZRTOS-WB 2.0.0
2025-04-05 17:38:46,654 [INFO] ThirdParty:1030 - CMSIS Pack Vendor :STMicroelectronics X-CUBE-FREERTOS 1.0.1
2025-04-05 17:38:46,654 [INFO] ThirdParty:1030 - CMSIS Pack Vendor :STMicroelectronics X-CUBE-GNSS1 7.0.0
2025-04-05 17:38:46,654 [INFO] ThirdParty:1030 - CMSIS Pack Vendor :STMicroelectronics X-CUBE-GNSS1 7.0.1
2025-04-05 17:38:46,654 [INFO] ThirdParty:1030 - CMSIS Pack Vendor :STMicroelectronics X-CUBE-TOUCHGFX 4.25.0
2025-04-05 17:38:46,654 [INFO] ThirdParty:1030 - CMSIS Pack Vendor :STMicroelectronics X-CUBE-ALGOBUILD 1.3.0
2025-04-05 17:38:46,654 [INFO] ThirdParty:1030 - CMSIS Pack Vendor :STMicroelectronics X-CUBE-AZRTOS-G0 1.1.0
2025-04-05 17:38:46,654 [INFO] ThirdParty:1030 - CMSIS Pack Vendor :STMicroelectronics X-CUBE-AI 8.0.1
2025-04-05 17:38:46,654 [INFO] ThirdParty:1030 - CMSIS Pack Vendor :STMicroelectronics X-CUBE-SAFEA1 1.2.2
2025-04-05 17:38:46,655 [INFO] ThirdParty:1030 - CMSIS Pack Vendor :STMicroelectronics X-CUBE-NFC4 3.0.0
2025-04-05 17:38:46,655 [INFO] ThirdParty:1030 - CMSIS Pack Vendor :STMicroelectronics X-CUBE-SUBG2 5.0.0
2025-04-05 17:38:46,655 [INFO] ThirdParty:1030 - CMSIS Pack Vendor :STMicroelectronics X-CUBE-AZRTOS-H7RS 1.1.0
2025-04-05 17:38:46,655 [INFO] ThirdParty:1030 - CMSIS Pack Vendor :STMicroelectronics STM32_WPAN 1.0.0
2025-04-05 17:38:46,655 [INFO] ThirdParty:1030 - CMSIS Pack Vendor :STMicroelectronics lwIP 2.0.3
2025-04-05 17:38:46,655 [INFO] ThirdParty:1030 - CMSIS Pack Vendor :Cesanta I-CUBE-Mongoose 7.13.0
2025-04-05 17:38:46,655 [INFO] ThirdParty:1030 - CMSIS Pack Vendor :STMicroelectronics USB_HOST 1.0.0
2025-04-05 17:38:46,655 [INFO] ThirdParty:1030 - CMSIS Pack Vendor :STMicroelectronics X-CUBE-TOF1 3.3.1
2025-04-05 17:38:46,655 [INFO] ThirdParty:1030 - CMSIS Pack Vendor :STMicroelectronics X-CUBE-AZRTOS-G4 2.0.0
2025-04-05 17:38:46,655 [INFO] ThirdParty:1030 - CMSIS Pack Vendor :STMicroelectronics PDM2PCM 3.1.0
2025-04-05 17:38:46,655 [INFO] ThirdParty:1030 - CMSIS Pack Vendor :Infineon AIROC-Wi-Fi-Bluetooth-STM32 1.5.1
2025-04-05 17:38:46,656 [INFO] ThirdParty:1030 - CMSIS Pack Vendor :STMicroelectronics X-CUBE-BLEMGR 3.0.0
2025-04-05 17:38:46,656 [INFO] ThirdParty:1030 - CMSIS Pack Vendor :STMicroelectronics FP-SNS-MOTENVWB1 1.3.0
2025-04-05 17:38:46,656 [INFO] ThirdParty:1030 - CMSIS Pack Vendor :STMicroelectronics FP-ATR-SIGFOX1 3.2.0
2025-04-05 17:38:46,656 [INFO] ThirdParty:1030 - CMSIS Pack Vendor :STMicroelectronics X-CUBE-EEPRMA1 5.1.0
2025-04-05 17:38:46,656 [INFO] ThirdParty:1030 - CMSIS Pack Vendor :STMicroelectronics MBEDTLS 2.16.2
2025-04-05 17:38:46,656 [INFO] ThirdParty:1030 - CMSIS Pack Vendor :STMicroelectronics X-CUBE-ALS 1.0.2
2025-04-05 17:38:46,656 [INFO] ThirdParty:1030 - CMSIS Pack Vendor :STMicroelectronics X-CUBE-MEMS1 10.0.0
2025-04-05 17:38:46,656 [INFO] ThirdParty:1030 - CMSIS Pack Vendor :STMicroelectronics X-CUBE-FREERTOS 1.1.0
2025-04-05 17:38:46,656 [INFO] ThirdParty:1030 - CMSIS Pack Vendor :STMicroelectronics X-CUBE-TOUCHGFX 4.24.2
2025-04-05 17:38:46,656 [INFO] ThirdParty:1030 - CMSIS Pack Vendor :STMicroelectronics X-CUBE-TOUCHGFX 4.24.1
2025-04-05 17:38:46,656 [INFO] ThirdParty:1030 - CMSIS Pack Vendor :wolfSSL I-CUBE-wolfTPM 3.4.0
2025-04-05 17:38:46,657 [INFO] ThirdParty:1030 - CMSIS Pack Vendor :portGmbH I-Cube-SoM-uGOAL 1.1.0
2025-04-05 17:38:46,657 [INFO] ThirdParty:1030 - CMSIS Pack Vendor :STMicroelectronics X-CUBE-ALS 1.0.1
2025-04-05 17:38:46,657 [INFO] ThirdParty:1030 - CMSIS Pack Vendor :STMicroelectronics ThreadX 1.0.0
2025-04-05 17:38:46,657 [INFO] ThirdParty:1030 - CMSIS Pack Vendor :SEGGER I-CUBE-embOS 1.3.1
2025-04-05 17:38:46,657 [INFO] ThirdParty:1030 - CMSIS Pack Vendor :STMicroelectronics X-CUBE-ALGOBUILD 1.4.0
2025-04-05 17:38:46,657 [INFO] ThirdParty:1030 - CMSIS Pack Vendor :STMicroelectronics X-CUBE-AZRTOS-H7RS 1.0.0
2025-04-05 17:38:46,657 [INFO] ThirdParty:1030 - CMSIS Pack Vendor :STMicroelectronics FP-ATR-ASTRA1 2.0.0
2025-04-05 17:38:46,657 [INFO] ThirdParty:1030 - CMSIS Pack Vendor :STMicroelectronics X-CUBE-AI 9.1.0
2025-04-05 17:38:46,657 [INFO] ThirdParty:1030 - CMSIS Pack Vendor :wolfSSL I-CUBE-wolfSSH 1.4.17
2025-04-05 17:38:46,657 [INFO] ThirdParty:841 - exiting critical section [change project]
2025-04-05 17:38:47,879 [INFO] PinOutPanel:1499 - setPackage(No Configuration,No Configuration)
2025-04-05 17:38:47,881 [INFO] PinOutPanel:1499 - setPackage(STM32L476RGTx,LQFP64)
2025-04-05 17:38:50,035 [INFO] UtilMem:75 - Before build in PCC Used Memory: 417583952 Bytes (825229312)
2025-04-05 17:38:53,123 [INFO] UtilMem:75 - After build in PCC Used Memory: 284523424 Bytes (827326464)
2025-04-05 17:38:53,703 [INFO] IPUIPlugin:80 - create IPUIPlugin
2025-04-05 17:38:53,703 [INFO] IPUIPlugin:80 - create IPUIPlugin
2025-04-05 17:38:53,704 [INFO] IPUIPlugin:80 - create IPUIPlugin
2025-04-05 17:38:53,704 [INFO] IPUIPlugin:80 - create IPUIPlugin
2025-04-05 17:38:53,704 [INFO] IPUIPlugin:80 - create IPUIPlugin
2025-04-05 17:38:53,704 [INFO] IPUIPlugin:80 - create IPUIPlugin
2025-04-05 17:38:53,704 [INFO] IPUIPlugin:80 - create IPUIPlugin
2025-04-05 17:38:53,705 [INFO] IPUIPlugin:80 - create IPUIPlugin
2025-04-05 17:38:53,705 [INFO] IPUIPlugin:80 - create IPUIPlugin
2025-04-05 17:38:53,706 [INFO] IPUIPlugin:80 - create IPUIPlugin
2025-04-05 17:38:53,706 [INFO] IPUIPlugin:80 - create IPUIPlugin
2025-04-05 17:38:53,706 [INFO] IPUIPlugin:80 - create IPUIPlugin
2025-04-05 17:38:53,706 [INFO] IPUIPlugin:80 - create IPUIPlugin
2025-04-05 17:38:53,707 [INFO] IPUIPlugin:80 - create IPUIPlugin
2025-04-05 17:38:53,707 [INFO] IPUIPlugin:80 - create IPUIPlugin
2025-04-05 17:38:53,707 [INFO] IPUIPlugin:80 - create IPUIPlugin
2025-04-05 17:38:53,707 [INFO] IPUIPlugin:80 - create IPUIPlugin
2025-04-05 17:38:53,708 [INFO] IPUIPlugin:80 - create IPUIPlugin
2025-04-05 17:38:53,708 [INFO] IPUIPlugin:80 - create IPUIPlugin
2025-04-05 17:38:53,709 [INFO] IPUIPlugin:80 - create IPUIPlugin
2025-04-05 17:38:53,709 [INFO] IPUIPlugin:80 - create IPUIPlugin
2025-04-05 17:38:53,709 [INFO] IPUIPlugin:80 - create IPUIPlugin
2025-04-05 17:38:53,710 [INFO] IPUIPlugin:80 - create IPUIPlugin
2025-04-05 17:38:53,710 [INFO] IPUIPlugin:80 - create IPUIPlugin
2025-04-05 17:38:53,710 [INFO] IPUIPlugin:80 - create IPUIPlugin
2025-04-05 17:38:53,711 [INFO] IPUIPlugin:80 - create IPUIPlugin
2025-04-05 17:38:53,711 [INFO] IPUIPlugin:80 - create IPUIPlugin
2025-04-05 17:38:53,712 [INFO] IPUIPlugin:80 - create IPUIPlugin
2025-04-05 17:38:53,713 [INFO] IPUIPlugin:80 - create IPUIPlugin
2025-04-05 17:38:53,713 [INFO] IPUIPlugin:80 - create IPUIPlugin
2025-04-05 17:38:53,713 [INFO] IPUIPlugin:80 - create IPUIPlugin
2025-04-05 17:38:53,714 [INFO] IPUIPlugin:80 - create IPUIPlugin
2025-04-05 17:38:53,714 [INFO] IPUIPlugin:80 - create IPUIPlugin
2025-04-05 17:38:53,715 [INFO] IPUIPlugin:80 - create IPUIPlugin
2025-04-05 17:38:53,715 [INFO] IPUIPlugin:80 - create IPUIPlugin
2025-04-05 17:38:53,716 [INFO] IPUIPlugin:80 - create IPUIPlugin
2025-04-05 17:38:53,716 [INFO] IPUIPlugin:80 - create IPUIPlugin
2025-04-05 17:38:53,717 [INFO] IPUIPlugin:80 - create IPUIPlugin
2025-04-05 17:38:53,717 [INFO] IPUIPlugin:80 - create IPUIPlugin
2025-04-05 17:38:53,717 [INFO] IPUIPlugin:80 - create IPUIPlugin
2025-04-05 17:38:53,718 [INFO] IPUIPlugin:80 - create IPUIPlugin
2025-04-05 17:38:53,719 [INFO] IPUIPlugin:80 - create IPUIPlugin
2025-04-05 17:38:53,720 [INFO] IPUIPlugin:80 - create IPUIPlugin
2025-04-05 17:38:53,720 [INFO] IPUIPlugin:80 - create IPUIPlugin
2025-04-05 17:38:53,721 [INFO] IPUIPlugin:80 - create IPUIPlugin
2025-04-05 17:38:53,721 [INFO] IPUIPlugin:80 - create IPUIPlugin
2025-04-05 17:38:53,722 [INFO] IPUIPlugin:80 - create IPUIPlugin
2025-04-05 17:38:53,722 [INFO] IPUIPlugin:80 - create IPUIPlugin
2025-04-05 17:38:53,723 [INFO] IPUIPlugin:80 - create IPUIPlugin
2025-04-05 17:38:53,724 [INFO] IPUIPlugin:80 - create IPUIPlugin
2025-04-05 17:38:53,724 [INFO] IPUIPlugin:80 - create IPUIPlugin
2025-04-05 17:38:53,725 [INFO] IPUIPlugin:80 - create IPUIPlugin
2025-04-05 17:38:53,726 [INFO] IPUIPlugin:80 - create IPUIPlugin
2025-04-05 17:38:53,726 [INFO] IPUIPlugin:80 - create IPUIPlugin
2025-04-05 17:38:53,727 [INFO] IPUIPlugin:80 - create IPUIPlugin
2025-04-05 17:38:53,728 [INFO] IPUIPlugin:80 - create IPUIPlugin
2025-04-05 17:38:53,729 [INFO] IPUIPlugin:80 - create IPUIPlugin
2025-04-05 17:38:53,730 [INFO] IPUIPlugin:80 - create IPUIPlugin
2025-04-05 17:38:53,731 [INFO] IPUIPlugin:80 - create IPUIPlugin
2025-04-05 17:38:54,688 [INFO] CADModel:165 - CPN selected for project levelSTM32L476RGT3
2025-04-05 17:38:54,688 [INFO] CADModel:114 - Register for checkConnection events
2025-04-05 17:38:54,729 [INFO] OpenFileManager:328 - Restore cursor
